c:\users\avnia_000\documents\1msu documents\cse335\canadianexperience\machinelib\debug\machinelib.pch
c:\users\avnia_000\documents\1msu documents\cse335\canadianexperience\machinelib\debug\pch.obj
c:\users\avnia_000\documents\1msu documents\cse335\canadianexperience\machinelib\debug\vc142.pdb
c:\users\avnia_000\documents\1msu documents\cse335\canadianexperience\machinelib\debug\source.obj
c:\users\avnia_000\documents\1msu documents\cse335\canadianexperience\machinelib\debug\snowblower.obj
c:\users\avnia_000\documents\1msu documents\cse335\canadianexperience\machinelib\debug\snow.obj
c:\users\avnia_000\documents\1msu documents\cse335\canadianexperience\machinelib\debug\sink.obj
c:\users\avnia_000\documents\1msu documents\cse335\canadianexperience\machinelib\debug\shape.obj
c:\users\avnia_000\documents\1msu documents\cse335\canadianexperience\machinelib\debug\pulley.obj
c:\users\avnia_000\documents\1msu documents\cse335\canadianexperience\machinelib\debug\machinestandin.obj
c:\users\avnia_000\documents\1msu documents\cse335\canadianexperience\machinelib\debug\machinedlg.obj
c:\users\avnia_000\documents\1msu documents\cse335\canadianexperience\machinelib\debug\machinelib.obj
c:\users\avnia_000\documents\1msu documents\cse335\canadianexperience\machinelib\debug\machinefactory.obj
c:\users\avnia_000\documents\1msu documents\cse335\canadianexperience\machinelib\debug\machine.obj
c:\users\avnia_000\documents\1msu documents\cse335\canadianexperience\machinelib\debug\polygon.obj
c:\users\avnia_000\documents\1msu documents\cse335\canadianexperience\machinelib\debug\const.obj
c:\users\avnia_000\documents\1msu documents\cse335\canadianexperience\machinelib\debug\motor.obj
c:\users\avnia_000\documents\1msu documents\cse335\canadianexperience\machinelib\debug\machineowner.obj
c:\users\avnia_000\documents\1msu documents\cse335\canadianexperience\machinelib\debug\machinefactory2.obj
c:\users\avnia_000\documents\1msu documents\cse335\canadianexperience\machinelib\debug\machinefactory1.obj
c:\users\avnia_000\documents\1msu documents\cse335\canadianexperience\machinelib\debug\machineactual.obj
c:\users\avnia_000\documents\1msu documents\cse335\canadianexperience\machinelib\debug\component.obj
c:\users\avnia_000\documents\1msu documents\cse335\canadianexperience\debug\machinelib.ilk
c:\users\avnia_000\documents\1msu documents\cse335\canadianexperience\debug\machinelib.dll
c:\users\avnia_000\documents\1msu documents\cse335\canadianexperience\debug\machinelib.pdb
c:\users\avnia_000\documents\1msu documents\cse335\canadianexperience\debug\machinelib.lib
c:\users\avnia_000\documents\1msu documents\cse335\canadianexperience\debug\machinelib.exp
c:\users\avnia_000\documents\1msu documents\cse335\canadianexperience\machinelib\debug\machinelib.res
c:\users\avnia_000\documents\1msu documents\cse335\canadianexperience\machinelib\debug\vc142.idb
c:\users\avnia_000\documents\1msu documents\cse335\canadianexperience\machinelib\debug\machinelib.tlog\cl.command.1.tlog
c:\users\avnia_000\documents\1msu documents\cse335\canadianexperience\machinelib\debug\machinelib.tlog\cl.read.1.tlog
c:\users\avnia_000\documents\1msu documents\cse335\canadianexperience\machinelib\debug\machinelib.tlog\cl.write.1.tlog
c:\users\avnia_000\documents\1msu documents\cse335\canadianexperience\machinelib\debug\machinelib.tlog\link.command.1.tlog
c:\users\avnia_000\documents\1msu documents\cse335\canadianexperience\machinelib\debug\machinelib.tlog\link.read.1.tlog
c:\users\avnia_000\documents\1msu documents\cse335\canadianexperience\machinelib\debug\machinelib.tlog\link.write.1.tlog
c:\users\avnia_000\documents\1msu documents\cse335\canadianexperience\machinelib\debug\machinelib.tlog\machinelib.write.1u.tlog
c:\users\avnia_000\documents\1msu documents\cse335\canadianexperience\machinelib\debug\machinelib.tlog\rc.command.1.tlog
c:\users\avnia_000\documents\1msu documents\cse335\canadianexperience\machinelib\debug\machinelib.tlog\rc.read.1.tlog
c:\users\avnia_000\documents\1msu documents\cse335\canadianexperience\machinelib\debug\machinelib.tlog\rc.write.1.tlog
