c:\users\avnia_000\documents\1msu documents\cse335\canadianexperience\machinedemo\debug\machinedemo.pch
c:\users\avnia_000\documents\1msu documents\cse335\canadianexperience\machinedemo\debug\pch.obj
c:\users\avnia_000\documents\1msu documents\cse335\canadianexperience\machinedemo\debug\vc142.pdb
c:\users\avnia_000\documents\1msu documents\cse335\canadianexperience\machinedemo\debug\machinedemoview.obj
c:\users\avnia_000\documents\1msu documents\cse335\canadianexperience\machinedemo\debug\machinedemodlg.obj
c:\users\avnia_000\documents\1msu documents\cse335\canadianexperience\machinedemo\debug\machinedemo.obj
c:\users\avnia_000\documents\1msu documents\cse335\canadianexperience\debug\machinedemo.exe
c:\users\avnia_000\documents\1msu documents\cse335\canadianexperience\debug\machinedemo.ilk
c:\users\avnia_000\documents\1msu documents\cse335\canadianexperience\debug\machinedemo.pdb
c:\users\avnia_000\documents\1msu documents\cse335\canadianexperience\machinedemo\debug\machinedemo.res
c:\users\avnia_000\documents\1msu documents\cse335\canadianexperience\machinedemo\debug\vc142.idb
c:\users\avnia_000\documents\1msu documents\cse335\canadianexperience\machinedemo\debug\machinedemo.tlog\cl.command.1.tlog
c:\users\avnia_000\documents\1msu documents\cse335\canadianexperience\machinedemo\debug\machinedemo.tlog\cl.read.1.tlog
c:\users\avnia_000\documents\1msu documents\cse335\canadianexperience\machinedemo\debug\machinedemo.tlog\cl.write.1.tlog
c:\users\avnia_000\documents\1msu documents\cse335\canadianexperience\machinedemo\debug\machinedemo.tlog\link.command.1.tlog
c:\users\avnia_000\documents\1msu documents\cse335\canadianexperience\machinedemo\debug\machinedemo.tlog\link.read.1.tlog
c:\users\avnia_000\documents\1msu documents\cse335\canadianexperience\machinedemo\debug\machinedemo.tlog\link.write.1.tlog
c:\users\avnia_000\documents\1msu documents\cse335\canadianexperience\machinedemo\debug\machinedemo.tlog\rc.command.1.tlog
c:\users\avnia_000\documents\1msu documents\cse335\canadianexperience\machinedemo\debug\machinedemo.tlog\rc.read.1.tlog
c:\users\avnia_000\documents\1msu documents\cse335\canadianexperience\machinedemo\debug\machinedemo.tlog\rc.write.1.tlog
